<?xml version="1.0" encoding="UTF-8"?>
<testng-results skipped="0" failed="0" ignored="0" total="1" passed="1">
  <reporter-output>
  </reporter-output>
  <suite name="Default suite" duration-ms="87" started-at="2017-03-25T14:44:17Z" finished-at="2017-03-25T14:44:18Z">
    <groups>
    </groups>
    <test name="Default test" duration-ms="87" started-at="2017-03-25T14:44:17Z" finished-at="2017-03-25T14:44:18Z">
      <class name="MavenFramework.AppTest">
        <test-method status="PASS" signature="Vinayaga()[pri:0, instance:MavenFramework.AppTest@174d20a]" name="Vinayaga" duration-ms="58" started-at="2017-03-25T10:44:17Z" finished-at="2017-03-25T10:44:18Z">
          <reporter-output>
          </reporter-output>
        </test-method> <!-- Vinayaga -->
      </class> <!-- MavenFramework.AppTest -->
    </test> <!-- Default test -->
  </suite> <!-- Default suite -->
</testng-results>
